Arguments: 
  E:\nodejs\node.exe E:\Yarn\bin\yarn.js add webpack wenpack-cli -D

PATH: 
  C:\ProgramData\Oracle\Java\javapath;C:\Program Files (x86)\Intel\iCLS Client\;C:\Program Files\Intel\iCLS Client\;C:\Windows\system32;C:\Windows;C:\Windows\System32\Wbem;C:\Windows\System32\WindowsPowerShell\v1.0\;C:\Program Files (x86)\Intel\Intel(R) Management Engine Components\DAL;C:\Program Files\Intel\Intel(R) Management Engine Components\DAL;C:\Program Files (x86)\Intel\Intel(R) Management Engine Components\IPT;C:\Program Files\Intel\Intel(R) Management Engine Components\IPT;C:\Program Files (x86)\NVIDIA Corporation\PhysX\Common;E:\Java\bin;C:\WINDOWS\system32;C:\WINDOWS;C:\WINDOWS\System32\Wbem;C:\WINDOWS\System32\WindowsPowerShell\v1.0\;E:\Program Files\MATLAB\R2016b\runtime\win64;E:\Program Files\MATLAB\R2016b\bin;E:\Program Files\MATLAB\R2016b\polyspace\bin;E:\git\Git\cmd;C:\WINDOWS\System32\OpenSSH\;E:\nodejs\;E:\Yarn\bin\;C:\Program Files (x86)\HP\IdrsOCR_15.2.10.1114\;C:\Users\aiyow\AppData\Local\Microsoft\WindowsApps;C:\Users\aiyow\AppData\Local\GitHubDesktop\bin;C:\Users\aiyow\AppData\Local\Microsoft\WindowsApps;;F:\Microsoft VS Code\bin;C:\Users\aiyow\AppData\Roaming\npm;C:\Users\aiyow\AppData\Local\Yarn\bin

Yarn version: 
  1.9.4

Node version: 
  8.11.4

Platform: 
  win32 x64

Trace: 
  Error: https://registry.npm.taobao.org/wenpack-cli: Not found
      at Request.params.callback [as _callback] (E:\Yarn\lib\cli.js:64202:18)
      at Request.self.callback (E:\Yarn\lib\cli.js:137468:22)
      at emitTwo (events.js:126:13)
      at Request.emit (events.js:214:7)
      at Request.<anonymous> (E:\Yarn\lib\cli.js:138440:10)
      at emitOne (events.js:116:13)
      at Request.emit (events.js:211:7)
      at IncomingMessage.<anonymous> (E:\Yarn\lib\cli.js:138362:12)
      at Object.onceWrapper (events.js:313:30)
      at emitNone (events.js:111:20)

npm manifest: 
  {
    "name": "webpack_02",
    "version": "1.0.0",
    "main": "index.js",
    "license": "MIT"
  }

yarn manifest: 
  No manifest

Lockfile: 
  No lockfile
